<?xml version="1.0" encoding="utf-8"?><testsuites name="pytest tests"><testsuite name="pytest" errors="0" failures="0" skipped="0" tests="13" time="5.349" timestamp="2026-04-27T09:44:41.569906+00:00" hostname="agent-env-7990f60f-a6cd-459b-8eb8-d30f428d55d8"><testcase classname="backend.tests.test_iteration11.TestAuth" name="test_login_returns_200" time="3.440" /><testcase classname="backend.tests.test_iteration11.TestAuth" name="test_session_check_valid" time="0.048" /><testcase classname="backend.tests.test_iteration11.TestAuth" name="test_zz_session_check_unauth" time="0.105" /><testcase classname="backend.tests.test_iteration11.TestNotificationCount" name="test_count_returns_number" time="0.055" /><testcase classname="backend.tests.test_iteration11.TestNotificationCount" name="test_count_unauth" time="0.110" /><testcase classname="backend.tests.test_iteration11.TestPaymentCalendar" name="test_get_calendar_has_due_day" time="0.133" /><testcase classname="backend.tests.test_iteration11.TestPaymentCalendar" name="test_put_paid_with_payment_method" time="0.111" /><testcase classname="backend.tests.test_iteration11.TestPaymentCalendar" name="test_put_not_paid" time="0.103" /><testcase classname="backend.tests.test_iteration11.TestPaymentCalendar" name="test_put_late" time="0.102" /><testcase classname="backend.tests.test_iteration11.TestPaymentCalendar" name="test_put_invalid_status" time="0.046" /><testcase classname="backend.tests.test_iteration11.TestPaymentCalendar" name="test_cleanup_override" time="0.052" /><testcase classname="backend.tests.test_iteration11.TestLateTenants" name="test_late_tenants_endpoint" time="0.055" /><testcase classname="backend.tests.test_iteration11.TestZZSingleAdminKick" name="test_login_invalidates_other_sessions" time="0.896" /></testsuite></testsuites>