<?xml version="1.0" encoding="utf-8"?><testsuites name="pytest tests"><testsuite name="pytest" errors="0" failures="0" skipped="0" tests="13" time="1.554" timestamp="2026-04-21T11:47:27.247270+00:00" hostname="agent-env-7990f60f-a6cd-459b-8eb8-d30f428d55d8"><testcase classname="backend.tests.test_iteration7.TestAuth" name="test_me" time="0.562" /><testcase classname="backend.tests.test_iteration7.TestHospitality" name="test_list_records" time="0.046" /><testcase classname="backend.tests.test_iteration7.TestHospitality" name="test_create_record_and_verify" time="0.211" /><testcase classname="backend.tests.test_iteration7.TestHospitality" name="test_create_record_invalid_tenant" time="0.053" /><testcase classname="backend.tests.test_iteration7.TestHospitality" name="test_create_record_invalid_property" time="0.047" /><testcase classname="backend.tests.test_iteration7.TestHospitality" name="test_pdf_ok" time="0.071" /><testcase classname="backend.tests.test_iteration7.TestHospitality" name="test_pdf_invalid_tenant" time="0.048" /><testcase classname="backend.tests.test_iteration7.TestRicevuta" name="test_from_payment" time="0.127" /><testcase classname="backend.tests.test_iteration7.TestRicevuta" name="test_from_payment_invalid" time="0.055" /><testcase classname="backend.tests.test_iteration7.TestRicevuta" name="test_generate_custom" time="0.059" /><testcase classname="backend.tests.test_iteration7.TestRicevuta" name="test_generate_invalid_tenant" time="0.071" /><testcase classname="backend.tests.test_iteration7.TestSanity" name="test_properties_have_room_counts" time="0.054" /><testcase classname="backend.tests.test_iteration7.TestSanity" name="test_dashboard_stats" time="0.065" /></testsuite></testsuites>