<?xml version="1.0" encoding="utf-8"?><testsuites name="pytest tests"><testsuite name="pytest" errors="0" failures="2" skipped="0" tests="8" time="1.584" timestamp="2026-04-30T16:58:40.835268+00:00" hostname="agent-env-7990f60f-a6cd-459b-8eb8-d30f428d55d8"><testcase classname="backend.tests.test_iteration21.TestPropertiesAddress" name="test_list_properties_has_structured_fields" time="0.573"><failure message="AssertionError: No property has civico field — data migration missing&#10;assert (False or 1 == 0)&#10; +  where 1 = len([{'additional_charges': '', 'address': 'via turazza', 'capacity': 6, 'created_at': '2026-04-30T14:15:54.298263+00:00', ...}])">E   AssertionError: No property has civico field — data migration missing
    assert (False or 1 == 0)
     +  where 1 = len([{'additional_charges': '', 'address': 'via turazza', 'capacity': 6, 'created_at': '2026-04-30T14:15:54.298263+00:00', ...}])</failure></testcase><testcase classname="backend.tests.test_iteration21.TestPropertiesAddress" name="test_create_property_with_structured_address" time="0.245" /><testcase classname="backend.tests.test_iteration21.TestPaymentCalendarReceipt" name="test_upload_and_delete_receipt" time="0.233" /><testcase classname="backend.tests.test_iteration21.TestHospitalityManual" name="test_manual_create_landlord_contract" time="0.164"><failure message="Failed: Manual hospitality (without tenant_id) rejected: {&quot;detail&quot;:[{&quot;type&quot;:&quot;missing&quot;,&quot;loc&quot;:[&quot;body&quot;,&quot;tenant_id&quot;],&quot;msg&quot;:&quot;Field required&quot;,&quot;input&quot;:{&quot;landlord_id&quot;:&quot;712d4061-f129-4f96-9825-1c6cde379dbb&quot;,&quot;contract_id&quot;:&quot;22767da4-7607-441b-8fa1-ad303846ee56&quot;,&quot;guest_name&quot;:&quot;TEST_Guest&quot;,&quot;guest_surname&quot;:&quot;TEST_Surname&quot;},&quot;url&quot;:&quot;https://errors.pydantic.dev/2.12/v/missing&quot;},{&quot;type&quot;:&quot;missing&quot;,&quot;loc&quot;:[&quot;body&quot;,&quot;property_id&quot;],&quot;msg&quot;:&quot;Field required&quot;,&quot;input&quot;:{&quot;landlord_id&quot;:&quot;712d4061-f129-4f96-9825-1c6cde379dbb&quot;,&quot;contract_id&quot;:&quot;22767da4-7607-441b-8fa1-ad303846ee56&quot;,&quot;guest_name&quot;:&quot;TEST_Guest&quot;,&quot;guest_surname&quot;:&quot;TEST_Surname&quot;},&quot;url&quot;:&quot;https://errors.pydantic.dev/2.12/v/missing&quot;},{&quot;type&quot;:&quot;missing&quot;,&quot;loc&quot;:[&quot;body&quot;,&quot;check_in_date&quot;],&quot;msg&quot;:&quot;Field required&quot;,&quot;input&quot;:{&quot;landlord_id&quot;:&quot;712d4061-f129-4f96-9825-1c6cde379dbb&quot;,&quot;contract_id&quot;:&quot;22767da4-7607-441b-8fa1-ad303846ee56&quot;,&quot;guest_name&quot;:&quot;TEST_Guest&quot;,&quot;guest_surname&quot;:&quot;TEST_Surname&quot;},&quot;url&quot;:&quot;https://errors.pydantic.dev/2.12/v/missing&quot;}]}">E   Failed: Manual hospitality (without tenant_id) rejected: {"detail":[{"type":"missing","loc":["body","tenant_id"],"msg":"Field required","input":{"landlord_id":"712d4061-f129-4f96-9825-1c6cde379dbb","contract_id":"22767da4-7607-441b-8fa1-ad303846ee56","guest_name":"TEST_Guest","guest_surname":"TEST_Surname"},"url":"https://errors.pydantic.dev/2.12/v/missing"},{"type":"missing","loc":["body","property_id"],"msg":"Field required","input":{"landlord_id":"712d4061-f129-4f96-9825-1c6cde379dbb","contract_id":"22767da4-7607-441b-8fa1-ad303846ee56","guest_name":"TEST_Guest","guest_surname":"TEST_Surname"},"url":"https://errors.pydantic.dev/2.12/v/missing"},{"type":"missing","loc":["body","check_in_date"],"msg":"Field required","input":{"landlord_id":"712d4061-f129-4f96-9825-1c6cde379dbb","contract_id":"22767da4-7607-441b-8fa1-ad303846ee56","guest_name":"TEST_Guest","guest_surname":"TEST_Surname"},"url":"https://errors.pydantic.dev/2.12/v/missing"}]}</failure></testcase><testcase classname="backend.tests.test_iteration21.TestInvoicePDF" name="test_fattura_and_preavviso_pdf" time="0.118" /><testcase classname="backend.tests.test_iteration21.TestRegression" name="test_landlords_authority_field_present" time="0.055" /><testcase classname="backend.tests.test_iteration21.TestRegression" name="test_tenants_list" time="0.060" /><testcase classname="backend.tests.test_iteration21.TestRegression" name="test_dashboard_stats" time="0.060" /></testsuite></testsuites>