<?xml version="1.0" encoding="utf-8"?><testsuites name="pytest tests"><testsuite name="pytest" errors="0" failures="0" skipped="0" tests="13" time="3.766" timestamp="2026-04-27T10:23:41.975625+00:00" hostname="agent-env-7990f60f-a6cd-459b-8eb8-d30f428d55d8"><testcase classname="backend.tests.test_iteration13.TestPropertyImageValidation" name="test_reject_txt_file" time="0.615" /><testcase classname="backend.tests.test_iteration13.TestPropertyImageValidation" name="test_reject_oversized" time="0.341" /><testcase classname="backend.tests.test_iteration13.TestPropertyImageValidation" name="test_accept_valid_png" time="0.059" /><testcase classname="backend.tests.test_iteration13.TestPropertyImageValidation" name="test_accept_capitalized_extension" time="0.056" /><testcase classname="backend.tests.test_iteration13.TestPropertyImageValidation" name="test_delete_empty_url_400" time="0.051" /><testcase classname="backend.tests.test_iteration13.TestRoomImageValidation" name="test_reject_txt_file" time="0.114" /><testcase classname="backend.tests.test_iteration13.TestRoomImageValidation" name="test_reject_oversized" time="0.229" /><testcase classname="backend.tests.test_iteration13.TestRoomImageValidation" name="test_accept_valid_png" time="0.057" /><testcase classname="backend.tests.test_iteration13.TestRoomImageValidation" name="test_delete_empty_url_400" time="0.057" /><testcase classname="backend.tests.test_iteration13.TestNotificationCount" name="test_shape" time="0.060" /><testcase classname="backend.tests.test_iteration13.TestNotificationCount" name="test_under_500ms" time="0.211" /><testcase classname="backend.tests.test_iteration13.TestSessionControl" name="test_same_admin_new_device_kicks_previous" time="0.874" /><testcase classname="backend.tests.test_iteration13.TestSessionControl" name="test_other_admin_login_does_not_kick" time="0.936" /></testsuite></testsuites>