<?xml version="1.0" encoding="utf-8"?><testsuites name="pytest tests"><testsuite name="pytest" errors="0" failures="0" skipped="0" tests="13" time="2.065" timestamp="2026-04-22T14:21:06.454824+00:00" hostname="agent-env-7990f60f-a6cd-459b-8eb8-d30f428d55d8"><testcase classname="backend.tests.test_iteration8" name="test_login_and_me" time="0.612" /><testcase classname="backend.tests.test_iteration8" name="test_dashboard_has_tenants_late" time="0.065" /><testcase classname="backend.tests.test_iteration8" name="test_tenants_returns_payment_status" time="0.060" /><testcase classname="backend.tests.test_iteration8" name="test_tenants_no_address_required_on_create_and_create_flow" time="0.160" /><testcase classname="backend.tests.test_iteration8" name="test_tenants_status_filter_late" time="0.079" /><testcase classname="backend.tests.test_iteration8" name="test_tenants_status_filter_paid" time="0.061" /><testcase classname="backend.tests.test_iteration8" name="test_tenants_status_filter_not_paid" time="0.053" /><testcase classname="backend.tests.test_iteration8" name="test_property_create_auto_generates_code_no_deposit" time="0.216" /><testcase classname="backend.tests.test_iteration8" name="test_registration_upload" time="0.157" /><testcase classname="backend.tests.test_iteration8" name="test_contract_upload" time="0.066" /><testcase classname="backend.tests.test_iteration8" name="test_owner_document_upload" time="0.170" /><testcase classname="backend.tests.test_iteration8" name="test_documents_bundle_zip" time="0.123" /><testcase classname="backend.tests.test_iteration8" name="test_ocr_scan_saves_original_file" time="0.066" /></testsuite></testsuites>