<?xml version="1.0" encoding="utf-8"?><testsuites name="pytest tests"><testsuite name="pytest" errors="0" failures="0" skipped="0" tests="11" time="1.904" timestamp="2026-04-27T09:59:24.492988+00:00" hostname="agent-env-7990f60f-a6cd-459b-8eb8-d30f428d55d8"><testcase classname="backend.tests.test_iteration12.TestPropertyImages" name="test_upload_property_image" time="0.757" /><testcase classname="backend.tests.test_iteration12.TestPropertyImages" name="test_upload_property_image_404" time="0.049" /><testcase classname="backend.tests.test_iteration12.TestPropertyImages" name="test_delete_property_image" time="0.146" /><testcase classname="backend.tests.test_iteration12.TestRoomImages" name="test_upload_room_image" time="0.155" /><testcase classname="backend.tests.test_iteration12.TestRoomImages" name="test_upload_room_image_404" time="0.051" /><testcase classname="backend.tests.test_iteration12.TestReminders" name="test_reminder_check" time="0.052" /><testcase classname="backend.tests.test_iteration12.TestReminders" name="test_notification_count" time="0.055" /><testcase classname="backend.tests.test_iteration12.TestPropertiesRoomsList" name="test_list_properties" time="0.051" /><testcase classname="backend.tests.test_iteration12.TestPropertiesRoomsList" name="test_list_rooms_by_property" time="0.048" /><testcase classname="backend.tests.test_iteration12.TestPropertiesRoomsList" name="test_via_piovese_has_rooms" time="0.102" /><testcase classname="backend.tests.test_iteration12.TestRoomAssign" name="test_assign_then_unassign" time="0.351" /></testsuite></testsuites>