<?xml version="1.0" encoding="utf-8"?><testsuites name="pytest tests"><testsuite name="pytest" errors="0" failures="0" skipped="0" tests="7" time="2.273" timestamp="2026-04-30T10:08:25.491394+00:00" hostname="agent-env-7990f60f-a6cd-459b-8eb8-d30f428d55d8"><testcase classname="backend.tests.test_iteration17.TestRoomReassignment" name="test_reassign_room_frees_previous_occupant" time="1.258" /><testcase classname="backend.tests.test_iteration17.TestPropertyGallery" name="test_upload_and_delete_property_image" time="0.237" /><testcase classname="backend.tests.test_iteration17.TestFatturaPDF" name="test_create_fattura_and_download_pdf" time="0.224" /><testcase classname="backend.tests.test_iteration17.TestPreavvisoPDF" name="test_create_preavviso_without_tenant_and_download_pdf" time="0.139" /><testcase classname="backend.tests.test_iteration17.TestRegressionSmoke" name="test_list_tenants" time="0.049" /><testcase classname="backend.tests.test_iteration17.TestRegressionSmoke" name="test_list_properties" time="0.043" /><testcase classname="backend.tests.test_iteration17.TestRegressionSmoke" name="test_dashboard_stats" time="0.235" /></testsuite></testsuites>