<?xml version="1.0" encoding="utf-8"?><testsuites name="pytest tests"><testsuite name="pytest" errors="0" failures="0" skipped="1" tests="20" time="8.058" timestamp="2026-04-30T12:00:03.688681+00:00" hostname="agent-env-7990f60f-a6cd-459b-8eb8-d30f428d55d8"><testcase classname="backend.tests.test_iteration18.TestOCR" name="test_ocr_scan_accepts_png" time="3.133" /><testcase classname="backend.tests.test_iteration18.TestOCR" name="test_ocr_scan_accepts_jpg" time="2.696" /><testcase classname="backend.tests.test_iteration18.TestOCR" name="test_ocr_scan_accepts_pdf" time="0.060" /><testcase classname="backend.tests.test_iteration18.TestOCR" name="test_ocr_rejects_unsupported_type" time="0.057" /><testcase classname="backend.tests.test_iteration18.TestOCR" name="test_ocr_size_limit_10mb" time="0.433" /><testcase classname="backend.tests.test_iteration18.TestDictionaries" name="test_italian_cities_has_padova" time="0.000" /><testcase classname="backend.tests.test_iteration18.TestDictionaries" name="test_dictionaries_has_countries_and_nationalities" time="0.000" /><testcase classname="backend.tests.test_iteration18.TestAssignRoom" name="test_assign_endpoints_present" time="0.062" /><testcase classname="backend.tests.test_iteration18.TestHospitality" name="test_hospitality_records_list" time="0.078" /><testcase classname="backend.tests.test_iteration18.TestHospitality" name="test_hospitality_pdf_generates" time="0.235" /><testcase classname="backend.tests.test_iteration18.TestHospitality" name="test_hospitality_pdf_contains_italian_date" time="0.164" /><testcase classname="backend.tests.test_iteration18.TestHospitality" name="test_hospitality_pdf_has_checked_alloggio" time="0.146" /><testcase classname="backend.tests.test_iteration18.TestHospitality" name="test_hospitality_pdf_no_none_placeholder" time="0.186" /><testcase classname="backend.tests.test_iteration18.TestSignature" name="test_signature_upload_returns_transparent_png" time="0.142" /><testcase classname="backend.tests.test_iteration18.TestRegistrationZip" name="test_registration_zip_route_exists" time="0.123"><skipped type="pytest.skip" message="ENDPOINT MISSING: /api/registration/zip/{tenant_id} — see documents/bundle test">/app/backend/tests/test_iteration18.py:255: ENDPOINT MISSING: /api/registration/zip/{tenant_id} — see documents/bundle test</skipped></testcase><testcase classname="backend.tests.test_iteration18.TestRegistrationZip" name="test_documents_bundle_returns_zip" time="0.146" /><testcase classname="backend.tests.test_iteration18.TestPaymentReceipt" name="test_receipt_upload_png" time="0.116" /><testcase classname="backend.tests.test_iteration18.TestPaymentReceipt" name="test_receipt_upload_pdf" time="0.060" /><testcase classname="backend.tests.test_iteration18.TestPaymentReceipt" name="test_receipt_rejects_bad_type" time="0.066" /><testcase classname="backend.tests.test_iteration18.TestPaymentReceipt" name="test_receipt_visible_after_upload" time="0.054" /></testsuite></testsuites>