<?xml version="1.0" encoding="utf-8"?><testsuites name="pytest tests"><testsuite name="pytest" errors="0" failures="0" skipped="1" tests="16" time="4.080" timestamp="2026-04-30T09:46:01.763093+00:00" hostname="agent-env-7990f60f-a6cd-459b-8eb8-d30f428d55d8"><testcase classname="backend.tests.test_iteration16.TestNameOrder" name="test_tenant_full_name_surname_first" time="0.783" /><testcase classname="backend.tests.test_iteration16.TestNameOrder" name="test_landlord_full_name_surname_first" time="0.057"><skipped type="pytest.skip" message="No test landlord found">/app/backend/tests/test_iteration16.py:95: No test landlord found</skipped></testcase><testcase classname="backend.tests.test_iteration16.TestRoomAssignment" name="test_assign_then_unassign" time="0.338" /><testcase classname="backend.tests.test_iteration16.TestPayments" name="test_create_payment_and_upload_receipt" time="0.344" /><testcase classname="backend.tests.test_iteration16.TestOwnerSignature" name="test_signature_upload_png_transparent" time="0.062" /><testcase classname="backend.tests.test_iteration16.TestInvoice" name="test_invoice_create_amount" time="0.062" /><testcase classname="backend.tests.test_iteration16.TestHospitality" name="test_hospitality_records_list_and_upsert" time="0.163" /><testcase classname="backend.tests.test_iteration16.TestHospitality" name="test_hospitality_put_endpoint" time="0.048" /><testcase classname="backend.tests.test_iteration16.TestOCR" name="test_ocr_scan_accepts_png" time="0.055" /><testcase classname="backend.tests.test_iteration16.TestOCR" name="test_ocr_scan_accepts_pdf" time="0.062" /><testcase classname="backend.tests.test_iteration16.TestOCR" name="test_ocr_country_code_to_italian" time="1.846" /><testcase classname="backend.tests.test_iteration16.TestItalianDicts" name="test_nationalities_count" time="0.000" /><testcase classname="backend.tests.test_iteration16.TestItalianDicts" name="test_italian_cities_have_provinces" time="0.000" /><testcase classname="backend.tests.test_iteration16.TestAvailableFilter" name="test_filter_available_button_exists" time="0.000" /><testcase classname="backend.tests.test_iteration16.TestAvailableFilter" name="test_double_room_per_persona_hint" time="0.000" /><testcase classname="backend.tests.test_iteration16.TestDateFormat" name="test_format_helper_dd_mm_yyyy" time="0.162" /></testsuite></testsuites>