<?xml version="1.0" encoding="utf-8"?><testsuites name="pytest tests"><testsuite name="pytest" errors="0" failures="0" skipped="0" tests="12" time="3.170" timestamp="2026-04-30T12:16:14.857154+00:00" hostname="agent-env-7990f60f-a6cd-459b-8eb8-d30f428d55d8"><testcase classname="backend.tests.test_iteration19.TestFix1RegistrationZipAlias" name="test_both_endpoints_return_zip" time="0.889" /><testcase classname="backend.tests.test_iteration19.TestFix1RegistrationZipAlias" name="test_alias_404_for_missing_tenant" time="0.049" /><testcase classname="backend.tests.test_iteration19.TestFix2LandlordAuthority" name="test_create_landlord_with_authority" time="0.154" /><testcase classname="backend.tests.test_iteration19.TestFix2LandlordAuthority" name="test_update_landlord_authority" time="0.193" /><testcase classname="backend.tests.test_iteration19.TestFix2LandlordAuthority" name="test_create_landlord_without_authority_is_optional" time="0.090" /><testcase classname="backend.tests.test_iteration19.TestFix3TenantIssuingAuthority" name="test_tenant_accepts_issuing_authority" time="0.144" /><testcase classname="backend.tests.test_iteration19.TestFix4CascadeDelete" name="test_delete_tenant_removes_hospitality_records" time="0.403" /><testcase classname="backend.tests.test_iteration19.TestFix4CascadeDelete" name="test_hospitality_pdf_after_tenant_delete_returns_404" time="0.333" /><testcase classname="backend.tests.test_iteration19.TestFix5HospitalityPdfLuogoFallback" name="test_pdf_falls_back_to_padova" time="0.455" /><testcase classname="backend.tests.test_iteration19.TestRegressionSmoke" name="test_tenant_crud" time="0.146" /><testcase classname="backend.tests.test_iteration19.TestRegressionSmoke" name="test_dashboard_stats" time="0.052" /><testcase classname="backend.tests.test_iteration19.TestRegressionSmoke" name="test_list_endpoints" time="0.198" /></testsuite></testsuites>