<?xml version="1.0" encoding="utf-8"?><testsuites name="pytest tests"><testsuite name="pytest" errors="0" failures="0" skipped="0" tests="17" time="1.812" timestamp="2026-04-30T22:11:24.896148+00:00" hostname="agent-env-7990f60f-a6cd-459b-8eb8-d30f428d55d8"><testcase classname="backend.tests.test_iteration23.TestCoreCRUDSmoke" name="test_auth_me" time="0.701" /><testcase classname="backend.tests.test_iteration23.TestCoreCRUDSmoke" name="test_properties_normalization" time="0.064" /><testcase classname="backend.tests.test_iteration23.TestCoreCRUDSmoke" name="test_tenants" time="0.053" /><testcase classname="backend.tests.test_iteration23.TestCoreCRUDSmoke" name="test_landlords_authority" time="0.051" /><testcase classname="backend.tests.test_iteration23.TestCoreCRUDSmoke" name="test_contracts" time="0.056" /><testcase classname="backend.tests.test_iteration23.TestCoreCRUDSmoke" name="test_dashboard_stats" time="0.062" /><testcase classname="backend.tests.test_iteration23.TestCoreCRUDSmoke" name="test_hospitality_records_list" time="0.072" /><testcase classname="backend.tests.test_iteration23.TestPDFGeneration" name="test_invoice_pdf" time="0.323" /><testcase classname="backend.tests.test_iteration23.TestPDFGeneration" name="test_hospitality_pdf_tenant" time="0.053" /><testcase classname="backend.tests.test_iteration23.TestPDFGeneration" name="test_contract_pdf" time="0.052" /><testcase classname="backend.tests.test_iteration23.TestHospitalityManual" name="test_post_manual" time="0.053" /><testcase classname="backend.tests.test_iteration23.TestHospitalityManual" name="test_pdf_manual" time="0.078" /><testcase classname="backend.tests.test_iteration23.TestHospitalityManual" name="test_cleanup" time="0.050" /><testcase classname="backend.tests.test_iteration23.TestOCR" name="test_ocr_scan_small_image" time="0.071" /><testcase classname="backend.tests.test_iteration23.TestBrandingCode" name="test_email_template_contains_housing_in_padova" time="0.000" /><testcase classname="backend.tests.test_iteration23.TestBrandingCode" name="test_ricevuta_pdf_contains_housing_in_padova" time="0.000" /><testcase classname="backend.tests.test_iteration23.TestBrandingCode" name="test_invoice_generator_contains_housing_in_padova" time="0.001" /></testsuite></testsuites>