<?xml version="1.0" encoding="utf-8"?><testsuites name="pytest tests"><testsuite name="pytest" errors="0" failures="0" skipped="1" tests="11" time="1.862" timestamp="2026-04-22T15:45:39.911942+00:00" hostname="agent-env-7990f60f-a6cd-459b-8eb8-d30f428d55d8"><testcase classname="backend.tests.test_iteration9" name="test_auth_me" time="0.575" /><testcase classname="backend.tests.test_iteration9" name="test_payment_calendar_returns_12_months" time="0.168" /><testcase classname="backend.tests.test_iteration9" name="test_payment_calendar_404_for_unknown_tenant" time="0.088" /><testcase classname="backend.tests.test_iteration9" name="test_payment_calendar_with_explicit_year" time="0.114" /><testcase classname="backend.tests.test_iteration9" name="test_tenant_create_no_occupation_field" time="0.216" /><testcase classname="backend.tests.test_iteration9" name="test_tenant_list_no_occupation" time="0.057"><skipped type="pytest.skip" message="Legacy docs still expose 'occupation' field (count=9). Schema removed it but API returns raw docs.">/app/backend/tests/test_iteration9.py:102: Legacy docs still expose 'occupation' field (count=9). Schema removed it but API returns raw docs.</skipped></testcase><testcase classname="backend.tests.test_iteration9" name="test_property_auto_generates_code" time="0.164" /><testcase classname="backend.tests.test_iteration9" name="test_owner_documents_upload" time="0.114" /><testcase classname="backend.tests.test_iteration9" name="test_ocr_scan_saves_document" time="0.052" /><testcase classname="backend.tests.test_iteration9" name="test_dashboard_stats_has_tenant_status_counts" time="0.060" /><testcase classname="backend.tests.test_iteration9" name="test_tenants_filter_by_status" time="0.173" /></testsuite></testsuites>