<?xml version="1.0" encoding="utf-8"?><testsuites name="pytest tests"><testsuite name="pytest" errors="0" failures="0" skipped="0" tests="13" time="2.315" timestamp="2026-04-30T17:11:02.370125+00:00" hostname="agent-env-7990f60f-a6cd-459b-8eb8-d30f428d55d8"><testcase classname="backend.tests.test_iteration22.TestPropertiesNormalization" name="test_list_normalizes_legacy" time="0.681" /><testcase classname="backend.tests.test_iteration22.TestPropertiesNormalization" name="test_get_one_normalizes" time="0.387" /><testcase classname="backend.tests.test_iteration22.TestHospitalityManual" name="test_create_manual" time="0.079" /><testcase classname="backend.tests.test_iteration22.TestHospitalityManual" name="test_idempotent_upsert" time="0.071" /><testcase classname="backend.tests.test_iteration22.TestHospitalityManual" name="test_put_manual" time="0.155" /><testcase classname="backend.tests.test_iteration22.TestHospitalityManual" name="test_pdf_record" time="0.136" /><testcase classname="backend.tests.test_iteration22.TestHospitalityManual" name="test_cleanup" time="0.067" /><testcase classname="backend.tests.test_iteration22.TestHospitalityTenantMode" name="test_tenant_mode_still_works" time="0.147" /><testcase classname="backend.tests.test_iteration22.TestRegression" name="test_landlords_authority" time="0.074" /><testcase classname="backend.tests.test_iteration22.TestRegression" name="test_dashboard_stats" time="0.084" /><testcase classname="backend.tests.test_iteration22.TestRegression" name="test_invoices_list_and_pdf" time="0.143" /><testcase classname="backend.tests.test_iteration22.TestRegression" name="test_tenants_list" time="0.075" /><testcase classname="backend.tests.test_iteration22.TestRegression" name="test_hospitality_pdf_tenant_endpoint" time="0.123" /></testsuite></testsuites>