<?xml version="1.0" encoding="utf-8"?><testsuites name="pytest tests"><testsuite name="pytest" errors="0" failures="0" skipped="1" tests="16" time="3.874" timestamp="2026-04-28T17:48:51.463665+00:00" hostname="agent-env-7990f60f-a6cd-459b-8eb8-d30f428d55d8"><testcase classname="backend.tests.test_iteration15.TestPropertiesEnrichedFields" name="test_get_properties_includes_room_type_counts" time="0.487" /><testcase classname="backend.tests.test_iteration15.TestPropertiesEnrichedFields" name="test_create_property_with_new_fields" time="0.276" /><testcase classname="backend.tests.test_iteration15.TestRoomsNoFloor" name="test_create_room_without_floor" time="0.247" /><testcase classname="backend.tests.test_iteration15.TestTenantsEnrichedRoom" name="test_tenant_list_has_room_type_and_rent" time="0.057" /><testcase classname="backend.tests.test_iteration15.TestDeleteContract" name="test_delete_nonexistent_contract_404" time="0.062" /><testcase classname="backend.tests.test_iteration15.TestDeleteContract" name="test_delete_contract_lifecycle" time="0.174" /><testcase classname="backend.tests.test_iteration15.TestDeletePayment" name="test_delete_nonexistent_payment_404" time="0.051" /><testcase classname="backend.tests.test_iteration15.TestDeletePayment" name="test_delete_payment_reverses_invoice" time="0.115"><skipped type="pytest.skip" message="no payment linked to paid invoice">/app/backend/tests/test_iteration15.py:179: no payment linked to paid invoice</skipped></testcase><testcase classname="backend.tests.test_iteration15.TestOCRPDFAccept" name="test_pdf_content_type_not_rejected_400" time="0.057" /><testcase classname="backend.tests.test_iteration15.TestOCRCountryCode" name="test_country_from_code_translations" time="1.566" /><testcase classname="backend.tests.test_iteration15.TestHospitalityPDFSignature" name="test_pdf_returns_200_and_has_luogo_padova" time="0.163" /><testcase classname="backend.tests.test_iteration15.TestLandlordSignatureUpload" name="test_upload_png_with_transparent_returns_url" time="0.121" /><testcase classname="backend.tests.test_iteration15.TestLandlordSignatureUpload" name="test_upload_txt_rejected_400" time="0.050" /><testcase classname="backend.tests.test_iteration15.TestLandlordSignatureUpload" name="test_upload_too_large_413" time="0.325" /><testcase classname="backend.tests.test_iteration15.TestSchemaBackCompat" name="test_tenant_create_no_whatsapp_field" time="0.027" /><testcase classname="backend.tests.test_iteration15.TestSchemaBackCompat" name="test_landlord_create_no_whatsapp_field" time="0.001" /></testsuite></testsuites>