<?xml version="1.0" encoding="utf-8"?><testsuites name="pytest tests"><testsuite name="pytest" errors="0" failures="0" skipped="0" tests="10" time="1.340" timestamp="2026-04-21T11:07:02.746595+00:00" hostname="agent-env-7990f60f-a6cd-459b-8eb8-d30f428d55d8"><testcase classname="backend.tests.test_iteration6.TestAuth" name="test_login_and_me" time="0.592" /><testcase classname="backend.tests.test_iteration6.TestTenantsEnrichment" name="test_get_tenants_enriched" time="0.060" /><testcase classname="backend.tests.test_iteration6.TestPaymentsEnrichment" name="test_get_payments_has_enriched_fields" time="0.055" /><testcase classname="backend.tests.test_iteration6.TestPaymentsEnrichment" name="test_payments_no_orphaned_unknown" time="0.052" /><testcase classname="backend.tests.test_iteration6.TestPaymentsEnrichment" name="test_payments_overview_grouping" time="0.057" /><testcase classname="backend.tests.test_iteration6.TestPaymentValidation" name="test_create_payment_invalid_tenant_returns_404" time="0.055" /><testcase classname="backend.tests.test_iteration6.TestPaymentValidation" name="test_create_payment_happy_path" time="0.171" /><testcase classname="backend.tests.test_iteration6.TestHospitalityPdf" name="test_hospitality_pdf_happy_path" time="0.120" /><testcase classname="backend.tests.test_iteration6.TestHospitalityPdf" name="test_hospitality_pdf_invalid_tenant_404" time="0.055" /><testcase classname="backend.tests.test_iteration6.TestDashboard" name="test_dashboard_stats_ok" time="0.059" /></testsuite></testsuites>