<?xml version="1.0" encoding="utf-8"?><testsuites name="pytest tests"><testsuite name="pytest" errors="0" failures="0" skipped="0" tests="12" time="2.173" timestamp="2026-04-22T16:05:08.379968+00:00" hostname="agent-env-7990f60f-a6cd-459b-8eb8-d30f428d55d8"><testcase classname="backend.tests.test_iteration10.TestPaymentCalendarGet" name="test_returns_12_months" time="0.720" /><testcase classname="backend.tests.test_iteration10.TestPaymentCalendarGet" name="test_invalid_tenant_404" time="0.055" /><testcase classname="backend.tests.test_iteration10.TestMonthlyOverride" name="test_put_creates_override" time="0.167" /><testcase classname="backend.tests.test_iteration10.TestMonthlyOverride" name="test_put_invalid_status_400" time="0.049" /><testcase classname="backend.tests.test_iteration10.TestMonthlyOverride" name="test_put_invalid_month_400" time="0.049" /><testcase classname="backend.tests.test_iteration10.TestMonthlyOverride" name="test_put_late_status" time="0.169" /><testcase classname="backend.tests.test_iteration10.TestMonthlyOverride" name="test_delete_removes_override" time="0.169" /><testcase classname="backend.tests.test_iteration10.TestLateTenants" name="test_late_tenants_endpoint" time="0.061" /><testcase classname="backend.tests.test_iteration10.TestLateTenants" name="test_late_tenants_reflects_override" time="0.155" /><testcase classname="backend.tests.test_iteration10.TestDashboardLateDetails" name="test_late_details_array" time="0.067" /><testcase classname="backend.tests.test_iteration10.TestNotifications" name="test_notifications_includes_late_payment" time="0.162" /><testcase classname="backend.tests.test_iteration10.TestTenantsOverride" name="test_tenant_payment_status_reflects_override" time="0.261" /></testsuite></testsuites>