<?xml version="1.0" encoding="utf-8"?><testsuites name="pytest tests"><testsuite name="pytest" errors="0" failures="0" skipped="0" tests="10" time="2.903" timestamp="2026-04-27T10:51:03.410098+00:00" hostname="agent-env-7990f60f-a6cd-459b-8eb8-d30f428d55d8"><testcase classname="tests.test_iteration14.TestDashboardConsistency" name="test_tenants_late_equals_late_details_length" time="0.738" /><testcase classname="tests.test_iteration14.TestDashboardConsistency" name="test_consistency_after_status_toggle" time="0.312" /><testcase classname="tests.test_iteration14.TestNotificationBadge" name="test_count_endpoint" time="0.056" /><testcase classname="tests.test_iteration14.TestNotificationBadge" name="test_mark_seen_zeros_count" time="0.107" /><testcase classname="tests.test_iteration14.TestHospitalityPDF" name="test_pdf_contains_required_strings" time="0.229" /><testcase classname="tests.test_iteration14.TestDocumentUpload" name="test_upload_url_prefix_and_download" time="0.300" /><testcase classname="tests.test_iteration14.TestUploadsMigration" name="test_no_legacy_upload_urls_in_documents" time="0.533" /><testcase classname="tests.test_iteration14.TestEmailService" name="test_send_email_mock_when_no_key" time="0.001" /><testcase classname="tests.test_iteration14.TestEmailService" name="test_send_email_error_does_not_raise" time="0.367" /><testcase classname="tests.test_iteration14.TestReminderCheck" name="test_reminder_endpoint" time="0.060" /></testsuite></testsuites>