<?xml version="1.0" encoding="utf-8"?><testsuites name="pytest tests"><testsuite name="pytest" errors="0" failures="0" skipped="0" tests="6" time="1.007" timestamp="2026-04-21T10:39:31.662521+00:00" hostname="agent-env-7990f60f-a6cd-459b-8eb8-d30f428d55d8"><testcase classname="backend.tests.test_connections.TestTenantsEnrichment" name="test_get_tenants_returns_property_and_room" time="0.552" /><testcase classname="backend.tests.test_connections.TestPropertiesEnrichment" name="test_get_properties_has_room_counts" time="0.047" /><testcase classname="backend.tests.test_connections.TestPropertiesEnrichment" name="test_get_property_detail_has_rooms_array" time="0.095" /><testcase classname="backend.tests.test_connections.TestPaymentsOverview" name="test_overview_groups_by_property" time="0.048" /><testcase classname="backend.tests.test_connections.TestPaymentCreation" name="test_create_payment_with_any_tenant" time="0.150" /><testcase classname="backend.tests.test_connections.TestPaymentCreation" name="test_create_payment_invalid_tenant" time="0.046" /></testsuite></testsuites>