<?xml version="1.0" encoding="utf-8"?><testsuites name="pytest tests"><testsuite name="pytest" errors="0" failures="0" skipped="0" tests="40" time="3.504" timestamp="2026-04-21T08:12:59.326206+00:00" hostname="agent-env-7990f60f-a6cd-459b-8eb8-d30f428d55d8"><testcase classname="backend.tests.test_property_management.TestAuth" name="test_login_success" time="0.406" /><testcase classname="backend.tests.test_property_management.TestAuth" name="test_login_wrong_password" time="0.360" /><testcase classname="backend.tests.test_property_management.TestAuth" name="test_login_non_whitelisted" time="0.104" /><testcase classname="backend.tests.test_property_management.TestAuth" name="test_get_me_authenticated" time="0.372" /><testcase classname="backend.tests.test_property_management.TestAuth" name="test_get_me_unauthenticated" time="0.096" /><testcase classname="backend.tests.test_property_management.TestDashboard" name="test_dashboard_stats" time="0.051" /><testcase classname="backend.tests.test_property_management.TestLandlords" name="test_create_landlord" time="0.048" /><testcase classname="backend.tests.test_property_management.TestLandlords" name="test_get_landlords_list" time="0.045" /><testcase classname="backend.tests.test_property_management.TestLandlords" name="test_get_landlord_detail" time="0.045" /><testcase classname="backend.tests.test_property_management.TestProperties" name="test_create_property" time="0.045" /><testcase classname="backend.tests.test_property_management.TestProperties" name="test_get_properties_list" time="0.046" /><testcase classname="backend.tests.test_property_management.TestRooms" name="test_create_room_single" time="0.044" /><testcase classname="backend.tests.test_property_management.TestRooms" name="test_create_room_double" time="0.046" /><testcase classname="backend.tests.test_property_management.TestRooms" name="test_get_rooms_list" time="0.045" /><testcase classname="backend.tests.test_property_management.TestRooms" name="test_get_rooms_by_property" time="0.045" /><testcase classname="backend.tests.test_property_management.TestTenants" name="test_create_tenant" time="0.047" /><testcase classname="backend.tests.test_property_management.TestTenants" name="test_get_tenants_list" time="0.048" /><testcase classname="backend.tests.test_property_management.TestTenants" name="test_get_tenant_detail" time="0.049" /><testcase classname="backend.tests.test_property_management.TestRoomAssignment" name="test_assign_tenant_to_room" time="0.095" /><testcase classname="backend.tests.test_property_management.TestRoomAssignment" name="test_unassign_tenant_from_room" time="0.129" /><testcase classname="backend.tests.test_property_management.TestContracts" name="test_create_contract" time="0.048" /><testcase classname="backend.tests.test_property_management.TestContracts" name="test_get_contracts_list" time="0.045" /><testcase classname="backend.tests.test_property_management.TestInvoices" name="test_create_invoice" time="0.048" /><testcase classname="backend.tests.test_property_management.TestInvoices" name="test_get_invoices_list" time="0.044" /><testcase classname="backend.tests.test_property_management.TestPayments" name="test_create_partial_payment" time="0.185" /><testcase classname="backend.tests.test_property_management.TestPayments" name="test_create_remaining_payment" time="0.094" /><testcase classname="backend.tests.test_property_management.TestPayments" name="test_get_payments_list" time="0.047" /><testcase classname="backend.tests.test_property_management.TestPayments" name="test_get_tenant_payments" time="0.048" /><testcase classname="backend.tests.test_property_management.TestDocuments" name="test_upload_document" time="0.104" /><testcase classname="backend.tests.test_property_management.TestDocuments" name="test_get_documents" time="0.046" /><testcase classname="backend.tests.test_property_management.TestReports" name="test_generate_monthly_report" time="0.049" /><testcase classname="backend.tests.test_property_management.TestReports" name="test_generate_weekly_report" time="0.047" /><testcase classname="backend.tests.test_property_management.TestReports" name="test_generate_yearly_report" time="0.048" /><testcase classname="backend.tests.test_property_management.TestReports" name="test_download_report_pdf" time="0.052" /><testcase classname="backend.tests.test_property_management.TestNotifications" name="test_get_notifications" time="0.045" /><testcase classname="backend.tests.test_property_management.TestCleanup" name="test_delete_document" time="0.047" /><testcase classname="backend.tests.test_property_management.TestCleanup" name="test_delete_tenant" time="0.045" /><testcase classname="backend.tests.test_property_management.TestCleanup" name="test_delete_room" time="0.044" /><testcase classname="backend.tests.test_property_management.TestCleanup" name="test_delete_property" time="0.045" /><testcase classname="backend.tests.test_property_management.TestCleanup" name="test_delete_landlord" time="0.084" /></testsuite></testsuites>