<?xml version="1.0" encoding="utf-8"?><testsuites name="pytest tests"><testsuite name="pytest" errors="0" failures="0" skipped="0" tests="14" time="7.815" timestamp="2026-04-21T09:33:31.378983+00:00" hostname="agent-env-7990f60f-a6cd-459b-8eb8-d30f428d55d8"><testcase classname="backend.tests.test_new_features.TestAuth" name="test_login" time="0.400" /><testcase classname="backend.tests.test_new_features.TestCoreEndpoints" name="test_get_tenants" time="0.050" /><testcase classname="backend.tests.test_new_features.TestCoreEndpoints" name="test_occupancy_overview" time="0.047" /><testcase classname="backend.tests.test_new_features.TestTemplates" name="test_download_tenant_template" time="0.056" /><testcase classname="backend.tests.test_new_features.TestTemplates" name="test_download_payment_template" time="0.051" /><testcase classname="backend.tests.test_new_features.TestExports" name="test_export_tenants" time="0.055" /><testcase classname="backend.tests.test_new_features.TestExports" name="test_export_payments" time="0.057" /><testcase classname="backend.tests.test_new_features.TestExports" name="test_export_occupancy" time="0.051" /><testcase classname="backend.tests.test_new_features.TestImports" name="test_import_tenants_invalid_format" time="0.048" /><testcase classname="backend.tests.test_new_features.TestImports" name="test_import_tenants_csv" time="0.093" /><testcase classname="backend.tests.test_new_features.TestHospitalityPDF" name="test_hospitality_pdf_download" time="0.104" /><testcase classname="backend.tests.test_new_features.TestHospitalityPDF" name="test_hospitality_pdf_not_found" time="0.046" /><testcase classname="backend.tests.test_new_features.TestOCR" name="test_ocr_invalid_content_type" time="0.046" /><testcase classname="backend.tests.test_new_features.TestOCR" name="test_ocr_scan_with_image" time="6.498" /></testsuite></testsuites>