<?xml version="1.0" encoding="utf-8"?><testsuites name="pytest tests"><testsuite name="pytest" errors="0" failures="2" skipped="0" tests="15" time="9.172" timestamp="2026-04-09T21:24:24.526239+00:00" hostname="agent-env-7990f60f-a6cd-459b-8eb8-d30f428d55d8"><testcase classname="backend.tests.test_auth.TestLoginStep1" name="test_login_step1_valid_credentials" time="0.430" /><testcase classname="backend.tests.test_auth.TestLoginStep1" name="test_login_step1_non_whitelisted_email" time="0.168" /><testcase classname="backend.tests.test_auth.TestLoginStep1" name="test_login_step1_wrong_password" time="0.366" /><testcase classname="backend.tests.test_auth.TestLoginStep1" name="test_login_step1_invalid_email_format" time="0.114" /><testcase classname="backend.tests.test_auth.TestOTPVerification" name="test_verify_otp_valid" time="1.040" /><testcase classname="backend.tests.test_auth.TestOTPVerification" name="test_verify_otp_invalid_code" time="0.395" /><testcase classname="backend.tests.test_auth.TestOTPVerification" name="test_verify_otp_invalid_session" time="0.135" /><testcase classname="backend.tests.test_auth.TestAuthenticatedEndpoints" name="test_get_me_authenticated" time="0.952" /><testcase classname="backend.tests.test_auth.TestAuthenticatedEndpoints" name="test_get_me_unauthenticated" time="0.118" /><testcase classname="backend.tests.test_auth.TestAuthenticatedEndpoints" name="test_logout" time="1.128" /><testcase classname="backend.tests.test_auth.TestAuthenticatedEndpoints" name="test_activity_logs" time="1.115" /><testcase classname="backend.tests.test_auth.TestSingleDeviceEnforcement" name="test_new_login_invalidates_previous_session" time="0.917"><failure message="assert 429 == 200&#10; +  where 429 = &lt;Response [429]&gt;.status_code">backend/tests/test_auth.py:293: in test_new_login_invalidates_previous_session
    assert step2_resp.status_code == 200
E   assert 429 == 200
E    +  where 429 = &lt;Response [429]&gt;.status_code</failure></testcase><testcase classname="backend.tests.test_auth.TestBruteForceProtection" name="test_account_lockout_after_failed_attempts" time="0.134" /><testcase classname="backend.tests.test_auth.TestChangePassword" name="test_change_password_wrong_current" time="1.152" /><testcase classname="backend.tests.test_auth.TestChangePassword" name="test_change_password_too_short" time="0.894"><failure message="assert 429 == 200&#10; +  where 429 = &lt;Response [429]&gt;.status_code">backend/tests/test_auth.py:413: in test_change_password_too_short
    assert step2_resp.status_code == 200
E   assert 429 == 200
E    +  where 429 = &lt;Response [429]&gt;.status_code</failure></testcase></testsuite></testsuites>