<?xml version="1.0" encoding="utf-8"?><testsuites name="pytest tests"><testsuite name="pytest" errors="0" failures="1" skipped="0" tests="6" time="1.314" timestamp="2026-04-21T10:15:09.129530+00:00" hostname="agent-env-7990f60f-a6cd-459b-8eb8-d30f428d55d8"><testcase classname="backend.tests.test_simplified_payments.TestTenantsShape" name="test_list_tenants_has_payment_status_no_totals" time="0.454"><failure message="AssertionError: remaining_balance must not exist: {'full_name': 'Mario Rossi', 'passport_number': 'IT123456789', 'nationality': 'Italiana', 'date_of_birth': '1990-01-15', 'passport_issue_date': '2020-01-01', 'passport_expiry_date': '2030-01-01', 'phone': '+39 123 456 7890', 'email': 'mario.rossi@example.com', 'whatsapp': '+39 123 456 7890', 'address': 'Via Roma 123, Milano', 'occupation': 'Ingegnere', 'notes': 'Inquilino di prova', 'deposit_amount': 1000.0, 'id': '7bb3aa3f-d1d4-4137-b185-b822ad4a05c5', 'total_paid': 0.0, 'remaining_balance': 0.0, 'current_property': None, 'created_at': '2026-04-09T13:58:50.416311+00:00', 'created_by': '69d781a40c1bfdc4e7692ab8', 'payment_status': 'not_paid', 'month_paid_amount': 0, 'month_payment_method': '', 'room_number': '', 'property_address': ''}&#10;assert 'remaining_balance' not in {'address': 'Via Roma 123, Milano', 'created_at': '2026-04-09T13:58:50.416311+00:00', 'created_by': '69d781a40c1bfdc4e7692ab8', 'current_property': None, ...}">E   AssertionError: remaining_balance must not exist: {'full_name': 'Mario Rossi', 'passport_number': 'IT123456789', 'nationality': 'Italiana', 'date_of_birth': '1990-01-15', 'passport_issue_date': '2020-01-01', 'passport_expiry_date': '2030-01-01', 'phone': '+39 123 456 7890', 'email': 'mario.rossi@example.com', 'whatsapp': '+39 123 456 7890', 'address': 'Via Roma 123, Milano', 'occupation': 'Ingegnere', 'notes': 'Inquilino di prova', 'deposit_amount': 1000.0, 'id': '7bb3aa3f-d1d4-4137-b185-b822ad4a05c5', 'total_paid': 0.0, 'remaining_balance': 0.0, 'current_property': None, 'created_at': '2026-04-09T13:58:50.416311+00:00', 'created_by': '69d781a40c1bfdc4e7692ab8', 'payment_status': 'not_paid', 'month_paid_amount': 0, 'month_payment_method': '', 'room_number': '', 'property_address': ''}
    assert 'remaining_balance' not in {'address': 'Via Roma 123, Milano', 'created_at': '2026-04-09T13:58:50.416311+00:00', 'created_by': '69d781a40c1bfdc4e7692ab8', 'current_property': None, ...}</failure></testcase><testcase classname="backend.tests.test_simplified_payments.TestTenantsShape" name="test_get_tenant_detail_shape" time="0.359" /><testcase classname="backend.tests.test_simplified_payments.TestPayments" name="test_payment_does_not_update_tenant_total_paid" time="0.050" /><testcase classname="backend.tests.test_simplified_payments.TestPayments" name="test_payments_overview_grouped" time="0.047" /><testcase classname="backend.tests.test_simplified_payments.TestDashboard" name="test_dashboard_stats_simplified" time="0.054" /><testcase classname="backend.tests.test_simplified_payments.TestOccupancy" name="test_occupancy_uses_current_month" time="0.267" /></testsuite></testsuites>